GROUP,PACKAGE,CLASS,INSTRUCTION_MISSED,INSTRUCTION_COVERED,BRANCH_MISSED,BRANCH_COVERED,LINE_MISSED,LINE_COVERED,COMPLEXITY_MISSED,COMPLEXITY_COVERED,METHOD_MISSED,METHOD_COVERED
api-transaction-manager,io.pismo.api.transaction.manager.controller,PingController,2,3,0,0,1,1,1,1,1,1
api-transaction-manager,io.pismo.api.transaction.manager.exception,ApiError,36,0,0,0,16,0,8,0,8,0
api-transaction-manager,io.pismo.api.transaction.manager.exception,ApiException,36,0,0,0,13,0,5,0,5,0
api-transaction-manager,io.pismo.api.transaction.manager.exception,InternalServerErrorException,19,0,0,0,4,0,2,0,2,0
api-transaction-manager,io.pismo.api.transaction.manager.controller.advice,AdviceController,13,7,0,0,3,2,1,2,1,2
api-transaction-manager,io.pismo.api.transaction.manager.controller.advice,BaseAdvice,13,3,0,0,4,1,1,1,1,1
api-transaction-manager,io.pismo.api.transaction.manager.constants,OperationTypes,3,56,0,0,1,8,1,2,1,2
api-transaction-manager,io.pismo.api.transaction.manager.util,BaseConverter,54,12,0,0,11,3,3,2,3,2
api-transaction-manager,io.pismo.api.transaction.manager.configuration,LocalDateTimeSerializer,5,3,0,0,2,1,1,1,1,1
api-transaction-manager,io.pismo.api.transaction.manager.configuration,SpringConfig,0,128,0,0,0,24,0,4,0,4
api-transaction-manager,io.pismo.api.transaction.manager.configuration,MessagesConfig,0,16,0,0,0,5,0,2,0,2
api-transaction-manager,io.pismo.api.transaction.manager.configuration,SpringfoxConfig,0,34,0,0,0,10,0,3,0,3
api-transaction-manager,io.pismo.api.transaction.manager.configuration,LocalDateTimeDeserializer,4,3,0,0,1,1,1,1,1,1
api-transaction-manager,io.pismo.api.transaction.manager,Application,5,3,0,0,2,1,1,1,1,1
